<?xml version="1.0" encoding="UTF-8"?>
<!-- Generated by org.testng.reporters.JUnitReportReporter -->
<testsuite skipped="0" hostname="DESKTOP-P8RTCON" name="com.qa.democart.test.LoginPageTest" tests="9" failures="0" timestamp="18 Jan 2021 15:45:23 GMT" time="14.182" errors="0">
  <testcase name="verifyLoginPageTitleTest" time="0.170" classname="com.qa.democart.test.LoginPageTest"/>
  <testcase name="verifyForgotPasswordLinkTest" time="0.073" classname="com.qa.democart.test.LoginPageTest"/>
  <testcase name="loginNegativeTest" time="1.843" classname="com.qa.democart.test.LoginPageTest"/>
  <testcase name="loginNegativeTest" time="1.842" classname="com.qa.democart.test.LoginPageTest"/>
  <testcase name="loginNegativeTest" time="1.896" classname="com.qa.democart.test.LoginPageTest"/>
  <testcase name="loginNegativeTest" time="1.868" classname="com.qa.democart.test.LoginPageTest"/>
  <testcase name="loginNegativeTest" time="1.878" classname="com.qa.democart.test.LoginPageTest"/>
  <testcase name="loginNegativeTest" time="1.872" classname="com.qa.democart.test.LoginPageTest"/>
  <testcase name="loginTest" time="2.740" classname="com.qa.democart.test.LoginPageTest"/>
</testsuite> <!-- com.qa.democart.test.LoginPageTest -->
