<?xml version="1.0" encoding="UTF-8"?>
<!-- Generated by org.testng.reporters.JUnitReportReporter -->
<testsuite skipped="0" hostname="DESKTOP-P8RTCON" name="com.qa.democart.test.ForgotPasswordTest" tests="5" failures="0" timestamp="13 Jan 2021 15:35:51 GMT" time="9.800" errors="0">
  <testcase name="forgotPwdPageTitleTest" time="0.034" classname="com.qa.democart.test.ForgotPasswordTest"/>
  <testcase name="forgotPwdH1TitleTest" time="0.037" classname="com.qa.democart.test.ForgotPasswordTest"/>
  <testcase name="forgotPwdEmailAddressTextTest" time="0.024" classname="com.qa.democart.test.ForgotPasswordTest"/>
  <testcase name="passwordResetWithInvalidUsernameTest" time="1.766" classname="com.qa.democart.test.ForgotPasswordTest"/>
  <testcase name="passwordResetWithValidUsernameTest" time="7.939" classname="com.qa.democart.test.ForgotPasswordTest"/>
</testsuite> <!-- com.qa.democart.test.ForgotPasswordTest -->
