<?xml version="1.0" encoding="UTF-8"?>
<!-- Generated by org.testng.reporters.JUnitReportReporter -->
<testsuite skipped="0" hostname="DESKTOP-P8RTCON" name="com.qa.democart.test.LoginPageTest" tests="9" failures="0" timestamp="22 Feb 2021 14:04:51 GMT" time="69.552" errors="0">
  <testcase name="verifyLoginPageTitleTest" time="0.213" classname="com.qa.democart.test.LoginPageTest"/>
  <testcase name="verifyForgotPasswordLinkTest" time="0.062" classname="com.qa.democart.test.LoginPageTest"/>
  <testcase name="loginNegativeTest" time="10.334" classname="com.qa.democart.test.LoginPageTest"/>
  <testcase name="loginNegativeTest" time="10.433" classname="com.qa.democart.test.LoginPageTest"/>
  <testcase name="loginNegativeTest" time="10.359" classname="com.qa.democart.test.LoginPageTest"/>
  <testcase name="loginNegativeTest" time="10.471" classname="com.qa.democart.test.LoginPageTest"/>
  <testcase name="loginNegativeTest" time="10.314" classname="com.qa.democart.test.LoginPageTest"/>
  <testcase name="loginNegativeTest" time="10.335" classname="com.qa.democart.test.LoginPageTest"/>
  <testcase name="loginTest" time="7.031" classname="com.qa.democart.test.LoginPageTest"/>
</testsuite> <!-- com.qa.democart.test.LoginPageTest -->
