<?xml version="1.0" encoding="UTF-8"?>
<!-- Generated by org.testng.reporters.JUnitReportReporter -->
<testsuite skipped="0" hostname="DESKTOP-P8RTCON" name="com.qa.democart.test.RegisterPageTest" tests="3" failures="0" timestamp="15 Jan 2021 05:48:40 GMT" time="215.054" errors="0">
  <testcase name="userRegistrationTest" time="35.377" classname="com.qa.democart.test.RegisterPageTest"/>
  <testcase name="userRegistrationTest" time="98.401" classname="com.qa.democart.test.RegisterPageTest"/>
  <testcase name="userRegistrationTest" time="81.276" classname="com.qa.democart.test.RegisterPageTest"/>
</testsuite> <!-- com.qa.democart.test.RegisterPageTest -->
